#
# An unexpected error has occurred (11)
#
Stack:
/home/ze/Xillinx/Vitis_HLS/2022.1/tps/lnx64/jre11.0.11_9/lib//server/libjvm.so(+0xbefecb) [0x7f5eb75efecb]
/home/ze/Xillinx/Vitis_HLS/2022.1/tps/lnx64/jre11.0.11_9/lib//server/libjvm.so(JVM_handle_linux_signal+0xd1) [0x7f5eb75f6c81]
/home/ze/Xillinx/Vitis_HLS/2022.1/tps/lnx64/jre11.0.11_9/lib//server/libjvm.so(+0xbead23) [0x7f5eb75ead23]
/usr/lib/libc.so.6(+0x38a00) [0x7f5ed0e51a00]
/home/ze/Xillinx/Vitis_HLS/2022.1/lib/lnx64.o/librdi_board.so(+0x114ffb) [0x7f5e18fd9ffb]
/home/ze/Xillinx/Vitis_HLS/2022.1/lib/lnx64.o/librdi_board.so(HBOBoardParser::readComponents(HXMLWElement*, std::__cxx11::basic_string<char, std::char_traits<char>, std::allocator<char> >&)+0x37) [0x7f5e18ff25c7]
/home/ze/Xillinx/Vitis_HLS/2022.1/lib/lnx64.o/librdi_board.so(HBOBoardParser::parse(std::__cxx11::basic_string<char, std::char_traits<char>, std::allocator<char> > const&)+0x718) [0x7f5e18ff3098]
/home/ze/Xillinx/Vitis_HLS/2022.1/lib/lnx64.o/librdi_board.so(HBOBoardParser::parseFile(std::__cxx11::basic_string<char, std::char_traits<char>, std::allocator<char> > const&, HBOBoard*, HBOParsedVLNVs*)+0x15d) [0x7f5e18ff357d]
/home/ze/Xillinx/Vitis_HLS/2022.1/lib/lnx64.o/librdi_board.so(HBOParser::parseFile(std::__cxx11::basic_string<char, std::char_traits<char>, std::allocator<char> > const&, HBOBoard*)+0x52e) [0x7f5e18f8f12e]
/home/ze/Xillinx/Vitis_HLS/2022.1/lib/lnx64.o/librdi_board.so(HBOBoardCReposMgr::addBoardPart(std::__cxx11::basic_string<char, std::char_traits<char>, std::allocator<char> > const&, bool)+0x14e) [0x7f5e18f6defe]
/home/ze/Xillinx/Vitis_HLS/2022.1/lib/lnx64.o/librdi_board.so(HBOBoardCReposMgr::findBoardFiles(std::__cxx11::basic_string<char, std::char_traits<char>, std::allocator<char> > const&, bool)+0x3fd) [0x7f5e18f6e57d]
/home/ze/Xillinx/Vitis_HLS/2022.1/lib/lnx64.o/librdi_board.so(HBOBoardCReposMgr::findBoardFiles(std::__cxx11::basic_string<char, std::char_traits<char>, std::allocator<char> > const&, bool)+0x2ca) [0x7f5e18f6e44a]
/home/ze/Xillinx/Vitis_HLS/2022.1/lib/lnx64.o/librdi_board.so(HBOBoardCReposMgr::findBoardFiles(std::__cxx11::basic_string<char, std::char_traits<char>, std::allocator<char> > const&, bool)+0x2ca) [0x7f5e18f6e44a]
/home/ze/Xillinx/Vitis_HLS/2022.1/lib/lnx64.o/librdi_board.so(HBOBoardCReposMgr::findBoardFiles(std::__cxx11::basic_string<char, std::char_traits<char>, std::allocator<char> > const&, bool)+0x2ca) [0x7f5e18f6e44a]
/home/ze/Xillinx/Vitis_HLS/2022.1/lib/lnx64.o/librdi_board.so(HBOBoardCReposMgr::findBoardFiles(std::__cxx11::basic_string<char, std::char_traits<char>, std::allocator<char> > const&, bool)+0x2ca) [0x7f5e18f6e44a]
/home/ze/Xillinx/Vitis_HLS/2022.1/lib/lnx64.o/librdi_board.so(HBOBoardCReposMgr::findBoardFiles(std::__cxx11::basic_string<char, std::char_traits<char>, std::allocator<char> > const&, bool)+0x2ca) [0x7f5e18f6e44a]
/home/ze/Xillinx/Vitis_HLS/2022.1/lib/lnx64.o/librdi_board.so(HBOBoardCReposMgr::populateStaticBoardPartList()+0xb18) [0x7f5e18f6f238]
/home/ze/Xillinx/Vitis_HLS/2022.1/lib/lnx64.o/librdi_board.so(HBOBoardCReposMgr::HBOBoardCReposMgr()+0x20d) [0x7f5e18f7107d]
/home/ze/Xillinx/Vitis_HLS/2022.1/lib/lnx64.o/librdi_board.so(HBOBoardCReposMgr::getGlobal()+0x45) [0x7f5e18f71125]
/home/ze/Xillinx/Vitis_HLS/2022.1/lib/lnx64.o/librdi_boarddep.so(HBOBoardDataManager::appendAllBoards(std::vector<HBOBoard*, std::allocator<HBOBoard*> >&)+0x9) [0x7f5e8c6bb459]
/home/ze/Xillinx/Vitis_HLS/2022.1/lib/lnx64.o/librdi_hlsvwrap.so(+0x11d8d) [0x7f5ebc72ed8d]
/home/ze/Xillinx/Vitis_HLS/2022.1/lib/lnx64.o/librdi_hlsvwrap.so(HLSVWrap::PartMgr::initBoards()+0x40) [0x7f5ebc72ef90]
/home/ze/Xillinx/Vitis_HLS/2022.1/lib/lnx64.o/librdi_hlsvwrap.so(+0x20894) [0x7f5ebc73d894]
/home/ze/Xillinx/Vitis_HLS/2022.1/lib/lnx64.o/librdi_hlsvwrap.so(HLSVWrapPlugin::runfunc(int, int, std::__cxx11::basic_string<char, std::char_traits<char>, std::allocator<char> >, std::__cxx11::basic_string<char, std::char_traits<char>, std::allocator<char> >&)+0x6d) [0x7f5ebc73efcd]
/home/ze/Xillinx/Vitis_HLS/2022.1/lib/lnx64.o/libhls_main.so(+0x1625d6) [0x7f5ec765c5d6]
/home/ze/Xillinx/Vitis_HLS/2022.1/lib/lnx64.o/libhls_main.so(+0x160bdd) [0x7f5ec765abdd]
/home/ze/Xillinx/Vitis_HLS/2022.1/lib/lnx64.o/libhls_main.so(+0x15f6db) [0x7f5ec76596db]
[0x7f5e9e687690]
