Copyright 1986-2022 Xilinx, Inc. All Rights Reserved.
------------------------------------------------------------------------------------
| Tool Version : Vivado v.2022.2 (lin64) Build 3671981 Fri Oct 14 04:59:54 MDT 2022
| Date         : Tue May  2 16:15:05 2023
| Host         : brutus running 64-bit Ubuntu 20.04.5 LTS
| Command      : upgrade_project -migrate_output_products
| Project_Path : /home/jmc/projects/uscale_dma/uscale_dma.xpr
------------------------------------------------------------------------------------

Project Status Summary

1. Project IP Status
--------------------
This project contains 0 IP and 1 Block Designs.


1.1 Project IP Instances
+------------------------------+-------------------------+-------------------------------------+-------------------------------------+
| Instance Name                | Status                  | Reason                              | Recommendation                      |
+------------------------------+-------------------------+-------------------------------------+-------------------------------------+
| design_1_auto_ds_0           | Will be Migrated.       |                                     |                                     |
+------------------------------+-------------------------+-------------------------------------+-------------------------------------+
| design_1_auto_pc_0           | Will be Migrated.       |                                     |                                     |
+------------------------------+-------------------------+-------------------------------------+-------------------------------------+
| design_1_axi_dma_0_0         | Will be Migrated.       |                                     |                                     |
+------------------------------+-------------------------+-------------------------------------+-------------------------------------+
| design_1_axi_smc_1           | Will be Migrated.       |                                     |                                     |
+------------------------------+-------------------------+-------------------------------------+-------------------------------------+
| design_1_axis_data_fifo_0_0  | Will be Migrated.       |                                     |                                     |
+------------------------------+-------------------------+-------------------------------------+-------------------------------------+
| design_1_ps8_0_axi_periph_1  | Will be Migrated.       |                                     |                                     |
+------------------------------+-------------------------+-------------------------------------+-------------------------------------+
| design_1_rst_ps8_0_99M_0     | Will be Migrated.       |                                     |                                     |
+------------------------------+-------------------------+-------------------------------------+-------------------------------------+
| design_1_zynq_ultra_ps_e_0_0 | Will be Migrated.       |                                     |                                     |
+------------------------------+-------------------------+-------------------------------------+-------------------------------------+


1.2 Project Block Designs
+----------+-------------------------+-------------------------------------+-------------------------------------+
| Design   | Status                  | Reason                              | Recommendation                      |
| Name     |                         |                                     |                                     |
+----------+-------------------------+-------------------------------------+-------------------------------------+
| design_1 | Will be Migrated.       |                                     |                                     |
+----------+-------------------------+-------------------------------------+-------------------------------------+



